[0.635s] Invoking command in '/home/taisei/ros2_ws/src/mypkg': PYTHONPATH=/home/taisei/ros2_ws/src/mypkg/build/mypkg/prefix_override:/usr/lib/python3/dist-packages/colcon_core/task/python/colcon_distutils_commands:/home/taisei/ros2_ws/src/mypkg/install/mypkg/lib/python3.8/site-packages:${PYTHONPATH} /usr/bin/python3 -W ignore:setup.py install is deprecated setup.py egg_info --egg-base build/mypkg build --build-base /home/taisei/ros2_ws/src/mypkg/build/mypkg/build install --record /home/taisei/ros2_ws/src/mypkg/build/mypkg/install.log --install-scripts $base/lib/mypkg --single-version-externally-managed install_data
[0.800s] running egg_info
[0.801s] creating build/mypkg/mypkg.egg-info
[0.801s] writing build/mypkg/mypkg.egg-info/PKG-INFO
[0.801s] writing dependency_links to build/mypkg/mypkg.egg-info/dependency_links.txt
[0.802s] writing entry points to build/mypkg/mypkg.egg-info/entry_points.txt
[0.802s] writing requirements to build/mypkg/mypkg.egg-info/requires.txt
[0.802s] writing top-level names to build/mypkg/mypkg.egg-info/top_level.txt
[0.808s] writing manifest file 'build/mypkg/mypkg.egg-info/SOURCES.txt'
[0.832s] reading manifest file 'build/mypkg/mypkg.egg-info/SOURCES.txt'
[0.832s] writing manifest file 'build/mypkg/mypkg.egg-info/SOURCES.txt'
[0.832s] running build
[0.832s] running build_py
[0.833s] creating /home/taisei/ros2_ws/src/mypkg/build/mypkg/build
[0.833s] creating /home/taisei/ros2_ws/src/mypkg/build/mypkg/build/lib
[0.833s] creating /home/taisei/ros2_ws/src/mypkg/build/mypkg/build/lib/mypkg
[0.834s] copying mypkg/listener.py -> /home/taisei/ros2_ws/src/mypkg/build/mypkg/build/lib/mypkg
[0.834s] copying mypkg/__init__.py -> /home/taisei/ros2_ws/src/mypkg/build/mypkg/build/lib/mypkg
[0.834s] copying mypkg/time_publisher.py -> /home/taisei/ros2_ws/src/mypkg/build/mypkg/build/lib/mypkg
[0.834s] running install
[0.835s] running install_lib
[0.835s] creating /home/taisei/ros2_ws/src/mypkg/install/mypkg/lib/python3.8/site-packages/mypkg
[0.836s] copying /home/taisei/ros2_ws/src/mypkg/build/mypkg/build/lib/mypkg/listener.py -> /home/taisei/ros2_ws/src/mypkg/install/mypkg/lib/python3.8/site-packages/mypkg
[0.836s] copying /home/taisei/ros2_ws/src/mypkg/build/mypkg/build/lib/mypkg/__init__.py -> /home/taisei/ros2_ws/src/mypkg/install/mypkg/lib/python3.8/site-packages/mypkg
[0.836s] copying /home/taisei/ros2_ws/src/mypkg/build/mypkg/build/lib/mypkg/time_publisher.py -> /home/taisei/ros2_ws/src/mypkg/install/mypkg/lib/python3.8/site-packages/mypkg
[0.837s] byte-compiling /home/taisei/ros2_ws/src/mypkg/install/mypkg/lib/python3.8/site-packages/mypkg/listener.py to listener.cpython-38.pyc
[0.838s] byte-compiling /home/taisei/ros2_ws/src/mypkg/install/mypkg/lib/python3.8/site-packages/mypkg/__init__.py to __init__.cpython-38.pyc
[0.838s] byte-compiling /home/taisei/ros2_ws/src/mypkg/install/mypkg/lib/python3.8/site-packages/mypkg/time_publisher.py to time_publisher.cpython-38.pyc
[0.839s] running install_data
[0.839s] creating /home/taisei/ros2_ws/src/mypkg/install/mypkg/share/ament_index
[0.839s] creating /home/taisei/ros2_ws/src/mypkg/install/mypkg/share/ament_index/resource_index
[0.839s] creating /home/taisei/ros2_ws/src/mypkg/install/mypkg/share/ament_index/resource_index/packages
[0.839s] copying resource/mypkg -> /home/taisei/ros2_ws/src/mypkg/install/mypkg/share/ament_index/resource_index/packages
[0.840s] copying package.xml -> /home/taisei/ros2_ws/src/mypkg/install/mypkg/share/mypkg
[0.840s] copying launch/talk_listen.launch.py -> /home/taisei/ros2_ws/src/mypkg/install/mypkg/share/mypkg
[0.840s] running install_egg_info
[0.841s] Copying build/mypkg/mypkg.egg-info to /home/taisei/ros2_ws/src/mypkg/install/mypkg/lib/python3.8/site-packages/mypkg-0.0.0-py3.8.egg-info
[0.842s] running install_scripts
[0.854s] Installing listener script to /home/taisei/ros2_ws/src/mypkg/install/mypkg/lib/mypkg
[0.855s] Installing time_publisher script to /home/taisei/ros2_ws/src/mypkg/install/mypkg/lib/mypkg
[0.855s] writing list of installed files to '/home/taisei/ros2_ws/src/mypkg/build/mypkg/install.log'
[0.870s] Invoked command in '/home/taisei/ros2_ws/src/mypkg' returned '0': PYTHONPATH=/home/taisei/ros2_ws/src/mypkg/build/mypkg/prefix_override:/usr/lib/python3/dist-packages/colcon_core/task/python/colcon_distutils_commands:/home/taisei/ros2_ws/src/mypkg/install/mypkg/lib/python3.8/site-packages:${PYTHONPATH} /usr/bin/python3 -W ignore:setup.py install is deprecated setup.py egg_info --egg-base build/mypkg build --build-base /home/taisei/ros2_ws/src/mypkg/build/mypkg/build install --record /home/taisei/ros2_ws/src/mypkg/build/mypkg/install.log --install-scripts $base/lib/mypkg --single-version-externally-managed install_data
